[2023-01-13 09:04 UTC] HTTP request of validation request:POST /cgi-bin/webscr HTTP/1.1
Host: www.sandbox.paypal.com
Accept: */*
Connection: Close
Content-Length: 941
Content-Type: application/x-www-form-urlencoded

 for IPN payload: cmd=_notify-validate&mc_gross=26.50&protection_eligibility=Eligible&payer_id=5562NRLP4AM9Y&payment_date=01%3A02%3A30+Jan+13%2C+2023+PST&payment_status=Completed&charset=windows-1252&first_name=John&mc_fee=1.41&notify_version=3.9&custom=&payer_status=verified&business=sb-qa1ib1508141%40personal.example.com&quantity=1&verify_sign=A5-lrSLjSj3Q-Vz-Kg48FHm0FfzHABP8XBGgTgtpJ8QRcHwp6CiaCopp&payer_email=sb-axxmw5133216%40personal.example.com&txn_id=33M23866FY287442W&payment_type=instant&last_name=Doe&receiver_email=sb-qa1ib1508141%40personal.example.com&payment_fee=1.41&shipping_discount=0.00&receiver_id=7AX4UG2ZSAU3N&insurance_amount=0.00&txn_type=web_accept&item_name=WR-2112%3ACUS-SRV-1012%3A0.00%3AINH-10000432%3A15.00%3A10.00%3A26.50%3A%3A4405%3A0.00%3A188%3AIBLEC1040&discount=0.00&mc_currency=USD&item_number=1&residence_country=US&test_ipn=1&shipping_method=Default&transaction_subject=&payment_gross=26.50&ipn_track_id=02d13f10fe541
[2023-01-13 09:04 UTC] HTTP response of validation request: HTTP/1.1 200 OK
Connection: close
Content-Length: 8
Content-Type: text/html; charset=utf-8
Cache-Control: max-age=0, no-cache, no-store, must-revalidate
Content-Security-Policy: default-src 'self' https://*.paypal.com https://*.paypalobjects.com 'unsafe-inline'; style-src 'self' https://*.paypal.com https://*.paypalobjects.com 'unsafe-inline'; script-src 'nonce-DGz3eYc7gRi9VKz+Hv/RKeKi9So1M76LgNBltrp4L6mIQm4U' 'self' 'unsafe-inline' https://*.paypal.com https://*.paypalobjects.com; img-src 'self' https: data:; object-src 'none'; font-src 'self' https://*.paypal.com https://*.paypalobjects.com; frame-src 'self' https://*.paypalobjects.com https://*.paypal.com https://*.qualtrics.com; connect-src 'self' 'unsafe-inline' https://*.paypal.com https://*.paypalobjects.com https://*.qualtrics.com; form-action 'self' https://*.paypal.com; base-uri 'self' https://*.paypal.com; upgrade-insecure-requests;
Etag: W/"8-WXvD6WBsMSDy5c0v7r4OHopk5Ys"
Paypal-Debug-Id: 2f14c1ba4e6db
Set-Cookie: LANG=en_US%3BUS; Max-Age=31556; Domain=.paypal.com; Path=/; Expires=Fri, 13 Jan 2023 17:50:38 GMT; HttpOnly; Secure
Set-Cookie: enforce_policy=ccpa; Max-Age=31536000; Domain=.paypal.com; Path=/; Expires=Sat, 13 Jan 2024 09:04:42 GMT; Secure
Set-Cookie: x-pp-s=eyJ0IjoiMTY3MzYwMDY4MjQ5OCIsImwiOiIwIiwibSI6IjAifQ; Domain=.paypal.com; Path=/; HttpOnly; Secure
Set-Cookie: tsrce=merchantnotifnodeweb; Domain=.paypal.com; Path=/; Expires=Mon, 16 Jan 2023 09:04:42 GMT; HttpOnly; Secure; SameSite=None
Set-Cookie: nsid=s%3AOPCe-qDA0tK8gtjR0G6Ar_Uvf4WiUXbl.GyGYksilNqhy1IevAXRQVaXPBphNvj%2FEbst0XK2KalU; Path=/; HttpOnly; Secure
Set-Cookie: ts=vreXpYrS%3D1768295082%26vteXpYrS%3D1673602482%26vr%3Daa5fc9e61850a6022c455bf8eb4efae1%26vt%3Daa5fc9e61850a6022c455bf8eb4efae0%26vtyp%3Dnew; Path=/; Domain=paypal.com; Expires=Mon, 12 Jan 2026 09:04:42 GMT; HttpOnly; Secure
Set-Cookie: ts_c=vr%3Daa5fc9e61850a6022c455bf8eb4efae1%26vt%3Daa5fc9e61850a6022c455bf8eb4efae0; Path=/; Domain=paypal.com; Expires=Mon, 12 Jan 2026 09:04:42 GMT; Secure
X-Content-Type-Options: nosniff
X-Frame-Options: SAMEORIGIN
X-Xss-Protection: 1; mode=block
Accept-Ranges: bytes
Date: Fri, 13 Jan 2023 09:04:42 GMT
Via: 1.1 varnish
Strict-Transport-Security: max-age=63072000; includeSubDomains; preload
X-Served-By: cache-iad-kiad7000108-IAD
X-Cache: MISS
X-Cache-Hits: 0
X-Timer: S1673600682.441282,VS0,VE87
Vary: Accept-Encoding
Set-Cookie: x-cdn=fastly:IAD; Domain=paypal.com; Path=/; Secure

VERIFIED
[2023-01-13 09:04 UTC]  IPN: cmd=_notify-validate&mc_gross=26.50&protection_eligibility=Eligible&payer_id=5562NRLP4AM9Y&payment_date=01%3A02%3A30+Jan+13%2C+2023+PST&payment_status=Completed&charset=windows-1252&first_name=John&mc_fee=1.41&notify_version=3.9&custom=&payer_status=verified&business=sb-qa1ib1508141%40personal.example.com&quantity=1&verify_sign=A5-lrSLjSj3Q-Vz-Kg48FHm0FfzHABP8XBGgTgtpJ8QRcHwp6CiaCopp&payer_email=sb-axxmw5133216%40personal.example.com&txn_id=33M23866FY287442W&payment_type=instant&last_name=Doe&receiver_email=sb-qa1ib1508141%40personal.example.com&payment_fee=1.41&shipping_discount=0.00&receiver_id=7AX4UG2ZSAU3N&insurance_amount=0.00&txn_type=web_accept&item_name=WR-2112%3ACUS-SRV-1012%3A0.00%3AINH-10000432%3A15.00%3A10.00%3A26.50%3A%3A4405%3A0.00%3A188%3AIBLEC1040&discount=0.00&mc_currency=USD&item_number=1&residence_country=US&test_ipn=1&shipping_method=Default&transaction_subject=&payment_gross=26.50&ipn_track_id=02d13f10fe541 
[2023-01-13 09:04 UTC] Verified IPN: cmd=_notify-validate&mc_gross=26.50&protection_eligibility=Eligible&payer_id=5562NRLP4AM9Y&payment_date=01%3A02%3A30+Jan+13%2C+2023+PST&payment_status=Completed&charset=windows-1252&first_name=John&mc_fee=1.41&notify_version=3.9&custom=&payer_status=verified&business=sb-qa1ib1508141%40personal.example.com&quantity=1&verify_sign=A5-lrSLjSj3Q-Vz-Kg48FHm0FfzHABP8XBGgTgtpJ8QRcHwp6CiaCopp&payer_email=sb-axxmw5133216%40personal.example.com&txn_id=33M23866FY287442W&payment_type=instant&last_name=Doe&receiver_email=sb-qa1ib1508141%40personal.example.com&payment_fee=1.41&shipping_discount=0.00&receiver_id=7AX4UG2ZSAU3N&insurance_amount=0.00&txn_type=web_accept&item_name=WR-2112%3ACUS-SRV-1012%3A0.00%3AINH-10000432%3A15.00%3A10.00%3A26.50%3A%3A4405%3A0.00%3A188%3AIBLEC1040&discount=0.00&mc_currency=USD&item_number=1&residence_country=US&test_ipn=1&shipping_method=Default&transaction_subject=&payment_gross=26.50&ipn_track_id=02d13f10fe541 
[2023-01-13 09:06 UTC] HTTP request of validation request:POST /cgi-bin/webscr HTTP/1.1
Host: www.sandbox.paypal.com
Accept: */*
Connection: Close
Content-Length: 941
Content-Type: application/x-www-form-urlencoded

 for IPN payload: cmd=_notify-validate&mc_gross=26.50&protection_eligibility=Eligible&payer_id=5562NRLP4AM9Y&payment_date=01%3A02%3A30+Jan+13%2C+2023+PST&payment_status=Completed&charset=windows-1252&first_name=John&mc_fee=1.41&notify_version=3.9&custom=&payer_status=verified&business=sb-qa1ib1508141%40personal.example.com&quantity=1&verify_sign=A5-lrSLjSj3Q-Vz-Kg48FHm0FfzHABP8XBGgTgtpJ8QRcHwp6CiaCopp&payer_email=sb-axxmw5133216%40personal.example.com&txn_id=33M23866FY287442W&payment_type=instant&last_name=Doe&receiver_email=sb-qa1ib1508141%40personal.example.com&payment_fee=1.41&shipping_discount=0.00&receiver_id=7AX4UG2ZSAU3N&insurance_amount=0.00&txn_type=web_accept&item_name=WR-2112%3ACUS-SRV-1012%3A0.00%3AINH-10000432%3A15.00%3A10.00%3A26.50%3A%3A4405%3A0.00%3A188%3AIBLEC1040&discount=0.00&mc_currency=USD&item_number=1&residence_country=US&test_ipn=1&shipping_method=Default&transaction_subject=&payment_gross=26.50&ipn_track_id=02d13f10fe541
[2023-01-13 09:06 UTC] HTTP response of validation request: HTTP/1.1 200 OK
Connection: close
Content-Length: 8
Content-Type: text/html; charset=utf-8
Cache-Control: max-age=0, no-cache, no-store, must-revalidate
Content-Security-Policy: default-src 'self' https://*.paypal.com https://*.paypalobjects.com 'unsafe-inline'; style-src 'self' https://*.paypal.com https://*.paypalobjects.com 'unsafe-inline'; script-src 'nonce-QOJrLMsZMdXTwle7C/GMwz3uRSw5LHE1WQlicOH9TLwNQjr9' 'self' 'unsafe-inline' https://*.paypal.com https://*.paypalobjects.com; img-src 'self' https: data:; object-src 'none'; font-src 'self' https://*.paypal.com https://*.paypalobjects.com; frame-src 'self' https://*.paypalobjects.com https://*.paypal.com https://*.qualtrics.com; connect-src 'self' 'unsafe-inline' https://*.paypal.com https://*.paypalobjects.com https://*.qualtrics.com; form-action 'self' https://*.paypal.com; base-uri 'self' https://*.paypal.com; upgrade-insecure-requests;
Etag: W/"8-WXvD6WBsMSDy5c0v7r4OHopk5Ys"
Paypal-Debug-Id: 9564185b4c697
Set-Cookie: LANG=en_US%3BUS; Max-Age=31556; Domain=.paypal.com; Path=/; Expires=Fri, 13 Jan 2023 17:52:41 GMT; HttpOnly; Secure
Set-Cookie: enforce_policy=ccpa; Max-Age=31536000; Domain=.paypal.com; Path=/; Expires=Sat, 13 Jan 2024 09:06:45 GMT; Secure
Set-Cookie: x-pp-s=eyJ0IjoiMTY3MzYwMDgwNTgxNSIsImwiOiIwIiwibSI6IjAifQ; Domain=.paypal.com; Path=/; HttpOnly; Secure
Set-Cookie: tsrce=merchantnotifnodeweb; Domain=.paypal.com; Path=/; Expires=Mon, 16 Jan 2023 09:06:45 GMT; HttpOnly; Secure; SameSite=None
Set-Cookie: nsid=s%3ATrrhKyMLMw3JfYuugIo25NLcafEejJnE.1uZ9cr6XNUiRFUWbfNzi4zP81nSmTa4i7SS1%2BhvJDvE; Path=/; HttpOnly; Secure
Set-Cookie: ts=vreXpYrS%3D1768295205%26vteXpYrS%3D1673602605%26vr%3Daa61ab9e1850a6022c908d5ceb595143%26vt%3Daa61ab9e1850a6022c908d5ceb595142%26vtyp%3Dnew; Path=/; Domain=paypal.com; Expires=Mon, 12 Jan 2026 09:06:45 GMT; HttpOnly; Secure
Set-Cookie: ts_c=vr%3Daa61ab9e1850a6022c908d5ceb595143%26vt%3Daa61ab9e1850a6022c908d5ceb595142; Path=/; Domain=paypal.com; Expires=Mon, 12 Jan 2026 09:06:45 GMT; Secure
X-Content-Type-Options: nosniff
X-Frame-Options: SAMEORIGIN
X-Xss-Protection: 1; mode=block
Accept-Ranges: bytes
Date: Fri, 13 Jan 2023 09:06:45 GMT
Via: 1.1 varnish
Strict-Transport-Security: max-age=63072000; includeSubDomains; preload
X-Served-By: cache-iad-kiad7000044-IAD
X-Cache: MISS
X-Cache-Hits: 0
X-Timer: S1673600806.765294,VS0,VE79
Vary: Accept-Encoding
Set-Cookie: x-cdn=fastly:IAD; Domain=paypal.com; Path=/; Secure

VERIFIED
[2023-01-13 09:06 UTC]  IPN: cmd=_notify-validate&mc_gross=26.50&protection_eligibility=Eligible&payer_id=5562NRLP4AM9Y&payment_date=01%3A02%3A30+Jan+13%2C+2023+PST&payment_status=Completed&charset=windows-1252&first_name=John&mc_fee=1.41&notify_version=3.9&custom=&payer_status=verified&business=sb-qa1ib1508141%40personal.example.com&quantity=1&verify_sign=A5-lrSLjSj3Q-Vz-Kg48FHm0FfzHABP8XBGgTgtpJ8QRcHwp6CiaCopp&payer_email=sb-axxmw5133216%40personal.example.com&txn_id=33M23866FY287442W&payment_type=instant&last_name=Doe&receiver_email=sb-qa1ib1508141%40personal.example.com&payment_fee=1.41&shipping_discount=0.00&receiver_id=7AX4UG2ZSAU3N&insurance_amount=0.00&txn_type=web_accept&item_name=WR-2112%3ACUS-SRV-1012%3A0.00%3AINH-10000432%3A15.00%3A10.00%3A26.50%3A%3A4405%3A0.00%3A188%3AIBLEC1040&discount=0.00&mc_currency=USD&item_number=1&residence_country=US&test_ipn=1&shipping_method=Default&transaction_subject=&payment_gross=26.50&ipn_track_id=02d13f10fe541 
[2023-01-13 09:06 UTC] Verified IPN: cmd=_notify-validate&mc_gross=26.50&protection_eligibility=Eligible&payer_id=5562NRLP4AM9Y&payment_date=01%3A02%3A30+Jan+13%2C+2023+PST&payment_status=Completed&charset=windows-1252&first_name=John&mc_fee=1.41&notify_version=3.9&custom=&payer_status=verified&business=sb-qa1ib1508141%40personal.example.com&quantity=1&verify_sign=A5-lrSLjSj3Q-Vz-Kg48FHm0FfzHABP8XBGgTgtpJ8QRcHwp6CiaCopp&payer_email=sb-axxmw5133216%40personal.example.com&txn_id=33M23866FY287442W&payment_type=instant&last_name=Doe&receiver_email=sb-qa1ib1508141%40personal.example.com&payment_fee=1.41&shipping_discount=0.00&receiver_id=7AX4UG2ZSAU3N&insurance_amount=0.00&txn_type=web_accept&item_name=WR-2112%3ACUS-SRV-1012%3A0.00%3AINH-10000432%3A15.00%3A10.00%3A26.50%3A%3A4405%3A0.00%3A188%3AIBLEC1040&discount=0.00&mc_currency=USD&item_number=1&residence_country=US&test_ipn=1&shipping_method=Default&transaction_subject=&payment_gross=26.50&ipn_track_id=02d13f10fe541 
